<?xml version="1.0" encoding="UTF-8"?>
<!-- Generated by org.testng.reporters.JUnitReportReporter -->
<testsuite hostname="C02DCP4XML7H" failures="0" tests="2" name="RestAssuredPractise.RestAssuredTest.dynamicJSON" time="7.154" errors="0" timestamp="2022-09-12T17:22:47 IST" skipped="0">
  <testcase classname="RestAssuredPractise.RestAssuredTest.dynamicJSON" name="addBook" time="4.271"/>
  <system-out/>
  <testcase classname="RestAssuredPractise.RestAssuredTest.dynamicJSON" name="addBook" time="2.883"/>
  <system-out/>
</testsuite> <!-- RestAssuredPractise.RestAssuredTest.dynamicJSON -->
