<?xml version="1.0" encoding="UTF-8"?>
<!-- Generated by org.testng.reporters.JUnitReportReporter -->
<testsuite hostname="C02DCP4XML7H" failures="0" tests="1" name="RestAssuredPractise.RestAssuredTest.sumValidation" time="0.617" errors="0" timestamp="2022-09-12T13:48:49 IST" skipped="0">
  <testcase classname="RestAssuredPractise.RestAssuredTest.sumValidation" name="validateTotalSum" time="0.617"/>
  <system-out/>
</testsuite> <!-- RestAssuredPractise.RestAssuredTest.sumValidation -->
