<?xml version="1.0" encoding="UTF-8"?>
<!-- Generated by org.testng.reporters.JUnitReportReporter -->
<testsuite hostname="C02DCP4XML7H" failures="0" tests="1" name="RestAssuredPractise.RestAssuredTest.OAuthTest" time="2.822" errors="0" timestamp="2022-09-13T18:51:49 IST" skipped="0">
  <testcase classname="RestAssuredPractise.RestAssuredTest.OAuthTest" name="oauth" time="2.822"/>
  <system-out/>
</testsuite> <!-- RestAssuredPractise.RestAssuredTest.OAuthTest -->
