<?xml version="1.0" encoding="UTF-8"?>
<!-- Generated by org.testng.reporters.JUnitReportReporter -->
<testsuite hostname="C02DCP4XML7H" failures="0" tests="1" name="testRunner.TestRunnerClass" time="0.051" errors="0" timestamp="2022-09-15T18:02:36 IST" skipped="0">
  <testcase classname="testRunner.TestRunnerClass" name="runScenario" time="0.051"/>
  <system-out/>
</testsuite> <!-- testRunner.TestRunnerClass -->
