<?xml version="1.0" encoding="UTF-8"?>
<!-- Generated by org.testng.reporters.JUnitReportReporter -->
<testsuite hostname="C02DCP4XML7H" failures="0" tests="1" name="cucumber.Options.TestRunnerClass" time="0.052" errors="0" timestamp="2022-09-15T18:31:30 IST" skipped="0">
  <testcase classname="cucumber.Options.TestRunnerClass" name="runScenario" time="0.052"/>
  <system-out/>
</testsuite> <!-- cucumber.Options.TestRunnerClass -->
