<?xml version="1.0" encoding="UTF-8"?>
<!-- Generated by org.testng.reporters.JUnitReportReporter -->
<testsuite hostname="C02DCP4XML7H" failures="0" tests="1" name="RestAssuredPractise.RestAssuredTest.EcommAPITest" time="10.720" errors="0" timestamp="2022-09-14T18:42:16 IST" skipped="0">
  <testcase classname="RestAssuredPractise.RestAssuredTest.EcommAPITest" name="loginApp" time="10.720"/>
  <system-out/>
</testsuite> <!-- RestAssuredPractise.RestAssuredTest.EcommAPITest -->
