<?xml version="1.0" encoding="UTF-8"?>
<!-- Generated by org.testng.reporters.JUnitReportReporter -->
<testsuite hostname="C02DCP4XML7H" failures="0" tests="1" name="RestAssuredPractise.RestAssuredTest.SerializationTest" time="2.871" errors="0" timestamp="2022-09-15T18:02:00 IST" skipped="0">
  <testcase classname="RestAssuredPractise.RestAssuredTest.SerializationTest" name="testSerializationForGoogleMaps" time="2.871"/>
  <system-out/>
</testsuite> <!-- RestAssuredPractise.RestAssuredTest.SerializationTest -->
